\BOOKMARK [0][-]{chapter.1}{\376\377\000I\000n\000t\000r\000o\000d\000u\000c\000t\000i\000o\000n\000\040\000a\000n\000d\000\040\000O\000b\000j\000e\000c\000t\000i\000v\000e\000s\000\040\000o\000f\000\040\000t\000h\000e\000\040\000S\000t\000u\000d\000y}{}% 1
\BOOKMARK [1][-]{section.1.1}{\376\377\000B\000a\000c\000k\000g\000r\000o\000u\000n\000d\000\040\000a\000n\000d\000\040\000M\000o\000t\000i\000v\000a\000t\000i\000o\000n}{chapter.1}% 2
\BOOKMARK [1][-]{section.1.2}{\376\377\000R\000e\000s\000e\000a\000r\000c\000h\000\040\000O\000b\000j\000e\000c\000t\000i\000v\000e\000s}{chapter.1}% 3
\BOOKMARK [1][-]{section.1.3}{\376\377\000S\000c\000o\000p\000e\000,\000\040\000M\000e\000t\000h\000o\000d\000o\000l\000o\000g\000y\000,\000\040\000a\000n\000d\000\040\000L\000i\000m\000i\000t\000a\000t\000i\000o\000n\000s}{chapter.1}% 4
\BOOKMARK [2][-]{subsection.1.3.1}{\376\377\000S\000c\000o\000p\000e}{section.1.3}% 5
\BOOKMARK [2][-]{subsection.1.3.2}{\376\377\000M\000e\000t\000h\000o\000d\000o\000l\000o\000g\000y}{section.1.3}% 6
\BOOKMARK [2][-]{subsection.1.3.3}{\376\377\000L\000i\000m\000i\000t\000a\000t\000i\000o\000n\000s}{section.1.3}% 7
\BOOKMARK [0][-]{chapter.2}{\376\377\000O\000v\000e\000r\000v\000i\000e\000w\000\040\000o\000f\000\040\000K\000e\000y\000\040\000E\000c\000o\000n\000o\000m\000i\000c\000s\000\040\000a\000n\000d\000\040\000M\000a\000r\000k\000e\000t\000i\000n\000g\000\040\000C\000o\000n\000c\000e\000p\000t\000s}{}% 8
\BOOKMARK [1][-]{section.2.1}{\376\377\000F\000o\000u\000n\000d\000a\000t\000i\000o\000n\000a\000l\000\040\000E\000c\000o\000n\000o\000m\000i\000c\000\040\000C\000o\000n\000c\000e\000p\000t\000s}{chapter.2}% 9
\BOOKMARK [2][-]{subsection.2.1.1}{\376\377\000D\000e\000m\000a\000n\000d\000,\000\040\000U\000t\000i\000l\000i\000t\000y\000,\000\040\000a\000n\000d\000\040\000C\000o\000n\000s\000u\000m\000e\000r\000\040\000C\000h\000o\000i\000c\000e}{section.2.1}% 10
\BOOKMARK [2][-]{subsection.2.1.2}{\376\377\000E\000l\000a\000s\000t\000i\000c\000i\000t\000y}{section.2.1}% 11
\BOOKMARK [2][-]{subsection.2.1.3}{\376\377\000C\000o\000s\000t\000s\000,\000\040\000S\000c\000a\000l\000e\000,\000\040\000a\000n\000d\000\040\000L\000e\000a\000r\000n\000i\000n\000g}{section.2.1}% 12
\BOOKMARK [2][-]{subsection.2.1.4}{\376\377\000M\000a\000r\000k\000e\000t\000\040\000S\000t\000r\000u\000c\000t\000u\000r\000e\000\040\000a\000n\000d\000\040\000C\000o\000m\000p\000e\000t\000i\000t\000i\000v\000e\000\040\000I\000n\000t\000e\000r\000a\000c\000t\000i\000o\000n}{section.2.1}% 13
\BOOKMARK [1][-]{section.2.2}{\376\377\000F\000o\000u\000n\000d\000a\000t\000i\000o\000n\000a\000l\000\040\000M\000a\000r\000k\000e\000t\000i\000n\000g\000\040\000C\000o\000n\000c\000e\000p\000t\000s}{chapter.2}% 14
\BOOKMARK [2][-]{subsection.2.2.1}{\376\377\000S\000T\000P\000:\000\040\000S\000e\000g\000m\000e\000n\000t\000a\000t\000i\000o\000n\000,\000\040\000T\000a\000r\000g\000e\000t\000i\000n\000g\000,\000\040\000a\000n\000d\000\040\000P\000o\000s\000i\000t\000i\000o\000n\000i\000n\000g}{section.2.2}% 15
\BOOKMARK [2][-]{subsection.2.2.2}{\376\377\000M\000a\000r\000k\000e\000t\000i\000n\000g\000\040\000M\000i\000x\000:\000\040\0004\000P\000s\000\040\000a\000n\000d\000\040\0007\000P\000s}{section.2.2}% 16
\BOOKMARK [2][-]{subsection.2.2.3}{\376\377\000B\000r\000a\000n\000d\000\040\000E\000q\000u\000i\000t\000y\000\040\000a\000n\000d\000\040\000R\000e\000l\000a\000t\000i\000o\000n\000s\000h\000i\000p\000\040\000M\000a\000r\000k\000e\000t\000i\000n\000g}{section.2.2}% 17
\BOOKMARK [1][-]{section.2.3}{\376\377\000I\000n\000t\000e\000g\000r\000a\000t\000e\000d\000\040\000V\000i\000e\000w\000:\000\040\000E\000c\000o\000n\000o\000m\000i\000c\000s\000\040\000M\000e\000e\000t\000s\000\040\000M\000a\000r\000k\000e\000t\000i\000n\000g}{chapter.2}% 18
\BOOKMARK [0][-]{chapter.3}{\376\377\000C\000o\000m\000p\000a\000n\000y\000\040\000O\000v\000e\000r\000v\000i\000e\000w\000\040\000o\000f\000\040\000F\000e\000r\000r\000a\000r\000i}{}% 19
\BOOKMARK [1][-]{section.3.1}{\376\377\000H\000i\000s\000t\000o\000r\000y\000\040\000a\000n\000d\000\040\000E\000v\000o\000l\000u\000t\000i\000o\000n}{chapter.3}% 20
\BOOKMARK [1][-]{section.3.2}{\376\377\000M\000i\000s\000s\000i\000o\000n\000,\000\040\000V\000i\000s\000i\000o\000n\000,\000\040\000a\000n\000d\000\040\000V\000a\000l\000u\000e\000s\000\040\000\050\000A\000n\000a\000l\000y\000t\000i\000c\000a\000l\000\040\000I\000n\000t\000e\000r\000p\000r\000e\000t\000a\000t\000i\000o\000n\000\051}{chapter.3}% 21
\BOOKMARK [2][-]{subsection.3.2.1}{\376\377\000M\000i\000s\000s\000i\000o\000n}{section.3.2}% 22
\BOOKMARK [2][-]{subsection.3.2.2}{\376\377\000V\000i\000s\000i\000o\000n}{section.3.2}% 23
\BOOKMARK [2][-]{subsection.3.2.3}{\376\377\000V\000a\000l\000u\000e\000s}{section.3.2}% 24
\BOOKMARK [1][-]{section.3.3}{\376\377\000F\000e\000r\000r\000a\000r\000i\000\040\000a\000s\000\040\000a\000\040\000L\000u\000x\000u\000r\000y\000\040\000B\000u\000s\000i\000n\000e\000s\000s}{chapter.3}% 25
\BOOKMARK [0][-]{chapter.4}{\376\377\000F\000e\000r\000r\000a\000r\000i\000\047\000s\000\040\000O\000r\000g\000a\000n\000i\000z\000a\000t\000i\000o\000n\000a\000l\000\040\000S\000t\000r\000u\000c\000t\000u\000r\000e\000\040\000a\000n\000d\000\040\000M\000a\000n\000a\000g\000e\000m\000e\000n\000t\000\040\000H\000i\000e\000r\000a\000r\000c\000h\000y}{}% 26
\BOOKMARK [1][-]{section.4.1}{\376\377\000C\000o\000r\000p\000o\000r\000a\000t\000e\000\040\000G\000o\000v\000e\000r\000n\000a\000n\000c\000e\000\040\000a\000n\000d\000\040\000S\000t\000r\000a\000t\000e\000g\000i\000c\000\040\000C\000o\000n\000t\000r\000o\000l}{chapter.4}% 27
\BOOKMARK [1][-]{section.4.2}{\376\377\000F\000u\000n\000c\000t\000i\000o\000n\000a\000l\000\040\000S\000t\000r\000u\000c\000t\000u\000r\000e\000\040\000a\000n\000d\000\040\000C\000r\000o\000s\000s\000-\000F\000u\000n\000c\000t\000i\000o\000n\000a\000l\000\040\000C\000o\000o\000r\000d\000i\000n\000a\000t\000i\000o\000n}{chapter.4}% 28
\BOOKMARK [1][-]{section.4.3}{\376\377\000M\000a\000n\000a\000g\000e\000m\000e\000n\000t\000\040\000H\000i\000e\000r\000a\000r\000c\000h\000y\000\040\000a\000n\000d\000\040\000D\000e\000c\000i\000s\000i\000o\000n\000\040\000R\000i\000g\000h\000t\000s}{chapter.4}% 29
\BOOKMARK [0][-]{chapter.5}{\376\377\000M\000a\000r\000k\000e\000t\000i\000n\000g\000\040\000M\000a\000n\000a\000g\000e\000m\000e\000n\000t\000\040\000a\000n\000d\000\040\000O\000f\000f\000i\000c\000i\000a\000l\000\040\000W\000e\000b\000s\000i\000t\000e\000\040\000A\000n\000a\000l\000y\000s\000i\000s}{}% 30
\BOOKMARK [1][-]{section.5.1}{\376\377\000M\000a\000r\000k\000e\000t\000i\000n\000g\000\040\000M\000a\000n\000a\000g\000e\000m\000e\000n\000t\000\040\000O\000r\000i\000e\000n\000t\000a\000t\000i\000o\000n}{chapter.5}% 31
\BOOKMARK [1][-]{section.5.2}{\376\377\000T\000h\000e\000\040\000R\000o\000l\000e\000\040\000o\000f\000\040\000t\000h\000e\000\040\000O\000f\000f\000i\000c\000i\000a\000l\000\040\000W\000e\000b\000s\000i\000t\000e}{chapter.5}% 32
\BOOKMARK [1][-]{section.5.3}{\376\377\000W\000e\000b\000s\000i\000t\000e\000\040\000E\000v\000a\000l\000u\000a\000t\000i\000o\000n\000\040\000F\000r\000a\000m\000e\000w\000o\000r\000k\000\040\000\050\000A\000c\000a\000d\000e\000m\000i\000c\000\040\000T\000e\000m\000p\000l\000a\000t\000e\000\051}{chapter.5}% 33
\BOOKMARK [2][-]{subsection.5.3.1}{\376\377\000C\000o\000n\000t\000e\000n\000t\000\040\000Q\000u\000a\000l\000i\000t\000y\000\040\000a\000n\000d\000\040\000B\000r\000a\000n\000d\000\040\000C\000o\000n\000s\000i\000s\000t\000e\000n\000c\000y}{section.5.3}% 34
\BOOKMARK [2][-]{subsection.5.3.2}{\376\377\000U\000s\000e\000r\000\040\000E\000x\000p\000e\000r\000i\000e\000n\000c\000e\000\040\000\050\000U\000X\000\051\000\040\000a\000n\000d\000\040\000I\000n\000f\000o\000r\000m\000a\000t\000i\000o\000n\000\040\000A\000r\000c\000h\000i\000t\000e\000c\000t\000u\000r\000e}{section.5.3}% 35
\BOOKMARK [2][-]{subsection.5.3.3}{\376\377\000D\000i\000g\000i\000t\000a\000l\000\040\000C\000o\000n\000v\000e\000r\000s\000i\000o\000n\000\040\000a\000n\000d\000\040\000C\000R\000M\000\040\000I\000n\000t\000e\000g\000r\000a\000t\000i\000o\000n}{section.5.3}% 36
\BOOKMARK [0][-]{chapter.6}{\376\377\000C\000l\000a\000s\000s\000i\000f\000i\000c\000a\000t\000i\000o\000n\000\040\000o\000f\000\040\000G\000o\000o\000d\000s\000\040\000a\000n\000d\000\040\000S\000e\000r\000v\000i\000c\000e\000s\000\040\000P\000r\000o\000d\000u\000c\000e\000d\000\040\000b\000y\000\040\000F\000e\000r\000r\000a\000r\000i}{}% 37
\BOOKMARK [1][-]{section.6.1}{\376\377\000C\000o\000n\000s\000u\000m\000e\000r\000\040\000G\000o\000o\000d\000s\000,\000\040\000L\000u\000x\000u\000r\000y\000\040\000G\000o\000o\000d\000s\000,\000\040\000a\000n\000d\000\040\000S\000p\000e\000c\000i\000a\000l\000t\000y\000\040\000P\000r\000o\000d\000u\000c\000t\000s}{chapter.6}% 38
\BOOKMARK [1][-]{section.6.2}{\376\377\000D\000u\000r\000a\000b\000l\000e\000\040\000G\000o\000o\000d\000s\000\040\000a\000n\000d\000\040\000I\000n\000t\000e\000r\000t\000e\000m\000p\000o\000r\000a\000l\000\040\000C\000h\000o\000i\000c\000e}{chapter.6}% 39
\BOOKMARK [1][-]{section.6.3}{\376\377\000S\000e\000r\000v\000i\000c\000e\000s\000\040\000A\000r\000o\000u\000n\000d\000\040\000t\000h\000e\000\040\000C\000o\000r\000e\000\040\000P\000r\000o\000d\000u\000c\000t}{chapter.6}% 40
\BOOKMARK [0][-]{chapter.7}{\376\377\000F\000e\000r\000r\000a\000r\000i\000\047\000s\000\040\000M\000a\000r\000k\000e\000t\000i\000n\000g\000\040\000M\000e\000t\000h\000o\000d\000s\000\040\000a\000n\000d\000\040\000P\000r\000o\000m\000o\000t\000i\000o\000n\000a\000l\000\040\000S\000t\000r\000a\000t\000e\000g\000i\000e\000s}{}% 41
\BOOKMARK [1][-]{section.7.1}{\376\377\000L\000u\000x\000u\000r\000y\000\040\000M\000a\000r\000k\000e\000t\000i\000n\000g\000\040\000L\000o\000g\000i\000c}{chapter.7}% 42
\BOOKMARK [1][-]{section.7.2}{\376\377\000P\000r\000o\000m\000o\000t\000i\000o\000n\000a\000l\000\040\000M\000i\000x}{chapter.7}% 43
\BOOKMARK [1][-]{section.7.3}{\376\377\000I\000n\000t\000e\000g\000r\000a\000t\000e\000d\000\040\000M\000a\000r\000k\000e\000t\000i\000n\000g\000\040\000C\000o\000m\000m\000u\000n\000i\000c\000a\000t\000i\000o\000n\000s\000\040\000\050\000I\000M\000C\000\051}{chapter.7}% 44
\BOOKMARK [0][-]{chapter.8}{\376\377\000D\000i\000g\000i\000t\000a\000l\000\040\000M\000a\000r\000k\000e\000t\000i\000n\000g\000\040\000a\000n\000d\000\040\000E\000l\000e\000c\000t\000r\000o\000n\000i\000c\000\040\000S\000e\000r\000v\000i\000c\000e\000s\000\040\000U\000s\000e\000d\000\040\000b\000y\000\040\000F\000e\000r\000r\000a\000r\000i}{}% 45
\BOOKMARK [1][-]{section.8.1}{\376\377\000D\000i\000g\000i\000t\000a\000l\000\040\000a\000s\000\040\000a\000\040\000R\000e\000l\000a\000t\000i\000o\000n\000s\000h\000i\000p\000\040\000P\000l\000a\000t\000f\000o\000r\000m}{chapter.8}% 46
\BOOKMARK [1][-]{section.8.2}{\376\377\000D\000i\000g\000i\000t\000a\000l\000\040\000T\000o\000u\000c\000h\000p\000o\000i\000n\000t\000s}{chapter.8}% 47
\BOOKMARK [1][-]{section.8.3}{\376\377\000D\000a\000t\000a\000,\000\040\000P\000r\000i\000v\000a\000c\000y\000,\000\040\000a\000n\000d\000\040\000T\000r\000u\000s\000t}{chapter.8}% 48
\BOOKMARK [0][-]{chapter.9}{\376\377\000P\000r\000i\000c\000i\000n\000g\000\040\000S\000t\000r\000a\000t\000e\000g\000i\000e\000s\000\040\000a\000n\000d\000\040\000V\000a\000l\000u\000e\000\040\000P\000r\000o\000p\000o\000s\000i\000t\000i\000o\000n}{}% 49
\BOOKMARK [1][-]{section.9.1}{\376\377\000F\000e\000r\000r\000a\000r\000i\000\047\000s\000\040\000V\000a\000l\000u\000e\000\040\000P\000r\000o\000p\000o\000s\000i\000t\000i\000o\000n}{chapter.9}% 50
\BOOKMARK [1][-]{section.9.2}{\376\377\000P\000r\000e\000m\000i\000u\000m\000\040\000P\000r\000i\000c\000i\000n\000g\000\040\000a\000n\000d\000\040\000P\000r\000i\000c\000e\000\040\000D\000i\000s\000c\000r\000i\000m\000i\000n\000a\000t\000i\000o\000n}{chapter.9}% 51
\BOOKMARK [1][-]{section.9.3}{\376\377\000E\000c\000o\000n\000o\000m\000i\000c\000\040\000A\000n\000a\000l\000y\000s\000i\000s\000\040\000o\000f\000\040\000P\000r\000i\000c\000i\000n\000g\000\040\000P\000o\000w\000e\000r}{chapter.9}% 52
\BOOKMARK [1][-]{section.9.4}{\376\377\000P\000r\000i\000c\000e\000\040\000E\000l\000a\000s\000t\000i\000c\000i\000t\000y\000\040\000C\000o\000n\000s\000i\000d\000e\000r\000a\000t\000i\000o\000n\000s}{chapter.9}% 53
\BOOKMARK [0][-]{chapter.10}{\376\377\000M\000a\000r\000k\000e\000t\000\040\000S\000e\000g\000m\000e\000n\000t\000a\000t\000i\000o\000n\000,\000\040\000T\000a\000r\000g\000e\000t\000i\000n\000g\000,\000\040\000a\000n\000d\000\040\000P\000o\000s\000i\000t\000i\000o\000n\000i\000n\000g\000\040\000\050\000S\000T\000P\000\051}{}% 54
\BOOKMARK [1][-]{section.10.1}{\376\377\000S\000e\000g\000m\000e\000n\000t\000a\000t\000i\000o\000n}{chapter.10}% 55
\BOOKMARK [2][-]{subsection.10.1.1}{\376\377\000D\000e\000m\000o\000g\000r\000a\000p\000h\000i\000c\000\040\000a\000n\000d\000\040\000E\000c\000o\000n\000o\000m\000i\000c\000\040\000S\000e\000g\000m\000e\000n\000t\000s}{section.10.1}% 56
\BOOKMARK [2][-]{subsection.10.1.2}{\376\377\000P\000s\000y\000c\000h\000o\000g\000r\000a\000p\000h\000i\000c\000\040\000a\000n\000d\000\040\000B\000e\000h\000a\000v\000i\000o\000r\000a\000l\000\040\000S\000e\000g\000m\000e\000n\000t\000s}{section.10.1}% 57
\BOOKMARK [2][-]{subsection.10.1.3}{\376\377\000G\000e\000o\000g\000r\000a\000p\000h\000i\000c\000\040\000S\000e\000g\000m\000e\000n\000t\000s}{section.10.1}% 58
\BOOKMARK [1][-]{section.10.2}{\376\377\000T\000a\000r\000g\000e\000t\000i\000n\000g}{chapter.10}% 59
\BOOKMARK [1][-]{section.10.3}{\376\377\000P\000o\000s\000i\000t\000i\000o\000n\000i\000n\000g}{chapter.10}% 60
\BOOKMARK [0][-]{chapter.11}{\376\377\000C\000o\000m\000p\000e\000t\000i\000t\000i\000v\000e\000\040\000A\000n\000a\000l\000y\000s\000i\000s\000\040\000a\000n\000d\000\040\000M\000a\000r\000k\000e\000t\000\040\000E\000n\000v\000i\000r\000o\000n\000m\000e\000n\000t}{}% 61
\BOOKMARK [1][-]{section.11.1}{\376\377\000I\000n\000d\000u\000s\000t\000r\000y\000\040\000C\000o\000n\000t\000e\000x\000t}{chapter.11}% 62
\BOOKMARK [1][-]{section.11.2}{\376\377\000P\000o\000r\000t\000e\000r\000\047\000s\000\040\000F\000i\000v\000e\000\040\000F\000o\000r\000c\000e\000s\000\040\000\050\000F\000e\000r\000r\000a\000r\000i\000\040\000C\000o\000n\000t\000e\000x\000t\000\051}{chapter.11}% 63
\BOOKMARK [2][-]{subsection.11.2.1}{\376\377\000T\000h\000r\000e\000a\000t\000\040\000o\000f\000\040\000N\000e\000w\000\040\000E\000n\000t\000r\000a\000n\000t\000s}{section.11.2}% 64
\BOOKMARK [2][-]{subsection.11.2.2}{\376\377\000B\000a\000r\000g\000a\000i\000n\000i\000n\000g\000\040\000P\000o\000w\000e\000r\000\040\000o\000f\000\040\000S\000u\000p\000p\000l\000i\000e\000r\000s}{section.11.2}% 65
\BOOKMARK [2][-]{subsection.11.2.3}{\376\377\000B\000a\000r\000g\000a\000i\000n\000i\000n\000g\000\040\000P\000o\000w\000e\000r\000\040\000o\000f\000\040\000B\000u\000y\000e\000r\000s}{section.11.2}% 66
\BOOKMARK [2][-]{subsection.11.2.4}{\376\377\000T\000h\000r\000e\000a\000t\000\040\000o\000f\000\040\000S\000u\000b\000s\000t\000i\000t\000u\000t\000e\000s}{section.11.2}% 67
\BOOKMARK [2][-]{subsection.11.2.5}{\376\377\000R\000i\000v\000a\000l\000r\000y\000\040\000A\000m\000o\000n\000g\000\040\000E\000x\000i\000s\000t\000i\000n\000g\000\040\000C\000o\000m\000p\000e\000t\000i\000t\000o\000r\000s}{section.11.2}% 68
\BOOKMARK [1][-]{section.11.3}{\376\377\000P\000E\000S\000T\000E\000L\000\040\000O\000v\000e\000r\000v\000i\000e\000w\000\040\000\050\000T\000e\000m\000p\000l\000a\000t\000e\000\051}{chapter.11}% 69
\BOOKMARK [1][-]{section.11.4}{\376\377\000M\000a\000r\000k\000e\000t\000\040\000T\000r\000e\000n\000d\000s\000\040\000S\000h\000a\000p\000i\000n\000g\000\040\000L\000u\000x\000u\000r\000y\000\040\000P\000e\000r\000f\000o\000r\000m\000a\000n\000c\000e\000\040\000A\000u\000t\000o\000m\000o\000b\000i\000l\000e\000s}{chapter.11}% 70
\BOOKMARK [2][-]{subsection.11.4.1}{\376\377\000E\000l\000e\000c\000t\000r\000i\000f\000i\000c\000a\000t\000i\000o\000n\000\040\000a\000n\000d\000\040\000t\000h\000e\000\040\000R\000e\000d\000e\000f\000i\000n\000i\000t\000i\000o\000n\000\040\000o\000f\000\040\000P\000e\000r\000f\000o\000r\000m\000a\000n\000c\000e}{section.11.4}% 71
\BOOKMARK [2][-]{subsection.11.4.2}{\376\377\000S\000o\000f\000t\000w\000a\000r\000e\000-\000D\000e\000f\000i\000n\000e\000d\000\040\000C\000u\000s\000t\000o\000m\000e\000r\000\040\000E\000x\000p\000e\000r\000i\000e\000n\000c\000e}{section.11.4}% 72
\BOOKMARK [2][-]{subsection.11.4.3}{\376\377\000S\000u\000s\000t\000a\000i\000n\000a\000b\000i\000l\000i\000t\000y\000\040\000E\000x\000p\000e\000c\000t\000a\000t\000i\000o\000n\000s\000\040\000i\000n\000\040\000L\000u\000x\000u\000r\000y}{section.11.4}% 73
\BOOKMARK [2][-]{subsection.11.4.4}{\376\377\000E\000x\000p\000e\000r\000i\000e\000n\000c\000e\000\040\000E\000c\000o\000n\000o\000m\000y\000\040\000a\000n\000d\000\040\000C\000o\000m\000m\000u\000n\000i\000t\000y}{section.11.4}% 74
\BOOKMARK [0][-]{chapter.12}{\376\377\000C\000o\000n\000s\000u\000m\000e\000r\000\040\000B\000e\000h\000a\000v\000i\000o\000r\000\040\000a\000n\000d\000\040\000B\000r\000a\000n\000d\000\040\000E\000q\000u\000i\000t\000y\000\040\000i\000n\000\040\000t\000h\000e\000\040\000F\000e\000r\000r\000a\000r\000i\000\040\000C\000o\000n\000t\000e\000x\000t}{}% 75
\BOOKMARK [1][-]{section.12.1}{\376\377\000M\000o\000t\000i\000v\000a\000t\000i\000o\000n\000s\000\040\000i\000n\000\040\000L\000u\000x\000u\000r\000y\000\040\000P\000e\000r\000f\000o\000r\000m\000a\000n\000c\000e\000\040\000C\000o\000n\000s\000u\000m\000p\000t\000i\000o\000n}{chapter.12}% 76
\BOOKMARK [1][-]{section.12.2}{\376\377\000D\000e\000c\000i\000s\000i\000o\000n\000\040\000P\000r\000o\000c\000e\000s\000s\000\040\000a\000n\000d\000\040\000I\000n\000f\000o\000r\000m\000a\000t\000i\000o\000n\000\040\000A\000s\000y\000m\000m\000e\000t\000r\000y}{chapter.12}% 77
\BOOKMARK [1][-]{section.12.3}{\376\377\000B\000r\000a\000n\000d\000\040\000E\000q\000u\000i\000t\000y\000\040\000a\000s\000\040\000a\000\040\000S\000t\000r\000a\000t\000e\000g\000i\000c\000\040\000A\000s\000s\000e\000t}{chapter.12}% 78
\BOOKMARK [1][-]{section.12.4}{\376\377\000B\000r\000a\000n\000d\000\040\000D\000i\000l\000u\000t\000i\000o\000n\000\040\000a\000n\000d\000\040\000R\000e\000p\000u\000t\000a\000t\000i\000o\000n\000\040\000R\000i\000s\000k}{chapter.12}% 79
\BOOKMARK [0][-]{chapter.13}{\376\377\000M\000a\000r\000k\000e\000t\000i\000n\000g\000\040\000M\000i\000x\000\040\000D\000e\000e\000p\000\040\000D\000i\000v\000e\000:\000\040\000P\000r\000o\000d\000u\000c\000t\000,\000\040\000P\000l\000a\000c\000e\000,\000\040\000a\000n\000d\000\040\000P\000r\000o\000m\000o\000t\000i\000o\000n\000\040\000\050\000F\000e\000r\000r\000a\000r\000i\000\051}{}% 80
\BOOKMARK [1][-]{section.13.1}{\376\377\000P\000r\000o\000d\000u\000c\000t\000\040\000S\000t\000r\000a\000t\000e\000g\000y\000\040\000a\000n\000d\000\040\000P\000o\000r\000t\000f\000o\000l\000i\000o\000\040\000A\000r\000c\000h\000i\000t\000e\000c\000t\000u\000r\000e}{chapter.13}% 81
\BOOKMARK [1][-]{section.13.2}{\376\377\000P\000l\000a\000c\000e\000:\000\040\000S\000e\000l\000e\000c\000t\000i\000v\000e\000\040\000D\000i\000s\000t\000r\000i\000b\000u\000t\000i\000o\000n\000\040\000a\000n\000d\000\040\000R\000e\000t\000a\000i\000l\000\040\000E\000x\000p\000e\000r\000i\000e\000n\000c\000e}{chapter.13}% 82
\BOOKMARK [1][-]{section.13.3}{\376\377\000P\000r\000o\000m\000o\000t\000i\000o\000n\000:\000\040\000S\000t\000o\000r\000y\000t\000e\000l\000l\000i\000n\000g\000,\000\040\000P\000R\000,\000\040\000a\000n\000d\000\040\000E\000x\000p\000e\000r\000i\000e\000n\000t\000i\000a\000l\000\040\000C\000o\000m\000m\000u\000n\000i\000c\000a\000t\000i\000o\000n\000s}{chapter.13}% 83
\BOOKMARK [0][-]{chapter.14}{\376\377\000A\000p\000p\000l\000i\000c\000a\000t\000i\000o\000n\000\040\000o\000f\000\040\000E\000c\000o\000n\000o\000m\000i\000c\000\040\000P\000r\000i\000n\000c\000i\000p\000l\000e\000s\000\040\000t\000o\000\040\000F\000e\000r\000r\000a\000r\000i\000\047\000s\000\040\000B\000u\000s\000i\000n\000e\000s\000s\000\040\000M\000o\000d\000e\000l}{}% 84
\BOOKMARK [1][-]{section.14.1}{\376\377\000S\000c\000a\000r\000c\000i\000t\000y\000,\000\040\000A\000l\000l\000o\000c\000a\000t\000i\000o\000n\000,\000\040\000a\000n\000d\000\040\000P\000e\000r\000c\000e\000i\000v\000e\000d\000\040\000V\000a\000l\000u\000e}{chapter.14}% 85
\BOOKMARK [1][-]{section.14.2}{\376\377\000D\000i\000f\000f\000e\000r\000e\000n\000t\000i\000a\000t\000i\000o\000n\000\040\000a\000n\000d\000\040\000M\000o\000n\000o\000p\000o\000l\000i\000s\000t\000i\000c\000\040\000C\000o\000m\000p\000e\000t\000i\000t\000i\000o\000n}{chapter.14}% 86
\BOOKMARK [1][-]{section.14.3}{\376\377\000T\000w\000o\000-\000S\000i\000d\000e\000d\000\040\000V\000a\000l\000u\000e\000:\000\040\000O\000w\000n\000e\000r\000s\000\040\000a\000n\000d\000\040\000A\000s\000p\000i\000r\000a\000t\000i\000o\000n\000a\000l\000\040\000A\000u\000d\000i\000e\000n\000c\000e}{chapter.14}% 87
\BOOKMARK [1][-]{section.14.4}{\376\377\000D\000y\000n\000a\000m\000i\000c\000\040\000C\000o\000m\000p\000e\000t\000i\000t\000i\000o\000n\000\040\000a\000n\000d\000\040\000I\000n\000n\000o\000v\000a\000t\000i\000o\000n}{chapter.14}% 88
\BOOKMARK [1][-]{section.14.5}{\376\377\000E\000x\000t\000e\000r\000n\000a\000l\000i\000t\000i\000e\000s\000\040\000a\000n\000d\000\040\000R\000e\000g\000u\000l\000a\000t\000i\000o\000n}{chapter.14}% 89
\BOOKMARK [0][-]{chapter.15}{\376\377\000S\000W\000O\000T\000\040\000A\000n\000a\000l\000y\000s\000i\000s}{}% 90
\BOOKMARK [1][-]{section.15.1}{\376\377\000S\000t\000r\000e\000n\000g\000t\000h\000s}{chapter.15}% 91
\BOOKMARK [1][-]{section.15.2}{\376\377\000W\000e\000a\000k\000n\000e\000s\000s\000e\000s}{chapter.15}% 92
\BOOKMARK [1][-]{section.15.3}{\376\377\000O\000p\000p\000o\000r\000t\000u\000n\000i\000t\000i\000e\000s}{chapter.15}% 93
\BOOKMARK [1][-]{section.15.4}{\376\377\000T\000h\000r\000e\000a\000t\000s}{chapter.15}% 94
\BOOKMARK [0][-]{chapter.16}{\376\377\000C\000h\000a\000l\000l\000e\000n\000g\000e\000s\000,\000\040\000O\000p\000p\000o\000r\000t\000u\000n\000i\000t\000i\000e\000s\000,\000\040\000a\000n\000d\000\040\000F\000u\000t\000u\000r\000e\000\040\000M\000a\000r\000k\000e\000t\000i\000n\000g\000\040\000S\000t\000r\000a\000t\000e\000g\000i\000e\000s}{}% 95
\BOOKMARK [1][-]{section.16.1}{\376\377\000S\000t\000r\000a\000t\000e\000g\000i\000c\000\040\000C\000h\000a\000l\000l\000e\000n\000g\000e\000s}{chapter.16}% 96
\BOOKMARK [2][-]{subsection.16.1.1}{\376\377\000B\000a\000l\000a\000n\000c\000i\000n\000g\000\040\000G\000r\000o\000w\000t\000h\000\040\000a\000n\000d\000\040\000E\000x\000c\000l\000u\000s\000i\000v\000i\000t\000y}{section.16.1}% 97
\BOOKMARK [2][-]{subsection.16.1.2}{\376\377\000T\000e\000c\000h\000n\000o\000l\000o\000g\000y\000\040\000T\000r\000a\000n\000s\000i\000t\000i\000o\000n\000\040\000W\000i\000t\000h\000o\000u\000t\000\040\000I\000d\000e\000n\000t\000i\000t\000y\000\040\000L\000o\000s\000s}{section.16.1}% 98
\BOOKMARK [2][-]{subsection.16.1.3}{\376\377\000R\000e\000p\000u\000t\000a\000t\000i\000o\000n\000\040\000a\000n\000d\000\040\000S\000o\000c\000i\000a\000l\000\040\000E\000x\000p\000e\000c\000t\000a\000t\000i\000o\000n\000s}{section.16.1}% 99
\BOOKMARK [1][-]{section.16.2}{\376\377\000O\000p\000p\000o\000r\000t\000u\000n\000i\000t\000i\000e\000s\000\040\000f\000o\000r\000\040\000M\000a\000r\000k\000e\000t\000i\000n\000g\000\040\000S\000t\000r\000a\000t\000e\000g\000y}{chapter.16}% 100
\BOOKMARK [2][-]{subsection.16.2.1}{\376\377\000H\000i\000g\000h\000-\000T\000o\000u\000c\000h\000\040\000D\000i\000g\000i\000t\000a\000l\000\040\000C\000l\000i\000e\000n\000t\000e\000l\000i\000n\000g}{section.16.2}% 101
\BOOKMARK [2][-]{subsection.16.2.2}{\376\377\000E\000x\000p\000e\000r\000i\000e\000n\000c\000e\000-\000L\000e\000d\000\040\000B\000r\000a\000n\000d\000\040\000E\000x\000t\000e\000n\000s\000i\000o\000n\000s}{section.16.2}% 102
\BOOKMARK [2][-]{subsection.16.2.3}{\376\377\000C\000o\000m\000m\000u\000n\000i\000t\000y\000\040\000G\000o\000v\000e\000r\000n\000a\000n\000c\000e\000\040\000a\000n\000d\000\040\000A\000d\000v\000o\000c\000a\000c\000y}{section.16.2}% 103
\BOOKMARK [1][-]{section.16.3}{\376\377\000F\000u\000t\000u\000r\000e\000\040\000S\000t\000r\000a\000t\000e\000g\000y\000\040\000P\000r\000o\000p\000o\000s\000a\000l\000s\000\040\000\050\000S\000t\000r\000u\000c\000t\000u\000r\000e\000d\000\040\000R\000e\000c\000o\000m\000m\000e\000n\000d\000a\000t\000i\000o\000n\000s\000\051}{chapter.16}% 104
\BOOKMARK [2][-]{subsection.16.3.1}{\376\377\000S\000t\000r\000a\000t\000e\000g\000y\000\040\0001\000:\000\040\000S\000c\000a\000r\000c\000i\000t\000y\000-\000C\000o\000n\000s\000i\000s\000t\000e\000n\000t\000\040\000P\000r\000o\000d\000u\000c\000t\000\040\000P\000o\000r\000t\000f\000o\000l\000i\000o\000\040\000M\000a\000n\000a\000g\000e\000m\000e\000n\000t}{section.16.3}% 105
\BOOKMARK [2][-]{subsection.16.3.2}{\376\377\000S\000t\000r\000a\000t\000e\000g\000y\000\040\0002\000:\000\040\000D\000i\000g\000i\000t\000a\000l\000-\000F\000i\000r\000s\000t\000\040\000R\000e\000l\000a\000t\000i\000o\000n\000s\000h\000i\000p\000\040\000M\000a\000r\000k\000e\000t\000i\000n\000g}{section.16.3}% 106
\BOOKMARK [2][-]{subsection.16.3.3}{\376\377\000S\000t\000r\000a\000t\000e\000g\000y\000\040\0003\000:\000\040\000S\000u\000s\000t\000a\000i\000n\000a\000b\000i\000l\000i\000t\000y\000\040\000a\000s\000\040\000E\000n\000g\000i\000n\000e\000e\000r\000i\000n\000g\000\040\000E\000x\000c\000e\000l\000l\000e\000n\000c\000e}{section.16.3}% 107
\BOOKMARK [0][-]{chapter.17}{\376\377\000I\000m\000p\000l\000e\000m\000e\000n\000t\000a\000t\000i\000o\000n\000,\000\040\000C\000o\000n\000t\000r\000o\000l\000,\000\040\000a\000n\000d\000\040\000M\000e\000t\000r\000i\000c\000s\000\040\000\050\000M\000a\000r\000k\000e\000t\000i\000n\000g\000\040\000P\000l\000a\000n\000\040\000P\000e\000r\000s\000p\000e\000c\000t\000i\000v\000e\000\051}{}% 108
\BOOKMARK [1][-]{section.17.1}{\376\377\000W\000h\000y\000\040\000C\000o\000n\000t\000r\000o\000l\000\040\000S\000y\000s\000t\000e\000m\000s\000\040\000M\000a\000t\000t\000e\000r\000\040\000i\000n\000\040\000L\000u\000x\000u\000r\000y}{chapter.17}% 109
\BOOKMARK [1][-]{section.17.2}{\376\377\000B\000a\000l\000a\000n\000c\000e\000d\000\040\000S\000c\000o\000r\000e\000c\000a\000r\000d\000\040\000f\000o\000r\000\040\000F\000e\000r\000r\000a\000r\000i\000\040\000M\000a\000r\000k\000e\000t\000i\000n\000g\000\040\000\050\000T\000e\000m\000p\000l\000a\000t\000e\000\051}{chapter.17}% 110
\BOOKMARK [1][-]{section.17.3}{\376\377\000R\000i\000s\000k\000\040\000R\000e\000g\000i\000s\000t\000e\000r\000\040\000\050\000T\000e\000m\000p\000l\000a\000t\000e\000\051}{chapter.17}% 111
\BOOKMARK [0][-]{chapter.18}{\376\377\000C\000o\000n\000c\000l\000u\000s\000i\000o\000n\000\040\000a\000n\000d\000\040\000R\000e\000c\000o\000m\000m\000e\000n\000d\000a\000t\000i\000o\000n\000s}{}% 112
\BOOKMARK [1][-]{section.18.1}{\376\377\000C\000o\000n\000c\000l\000u\000s\000i\000o\000n}{chapter.18}% 113
\BOOKMARK [1][-]{section.18.2}{\376\377\000R\000e\000c\000o\000m\000m\000e\000n\000d\000a\000t\000i\000o\000n\000s}{chapter.18}% 114
\BOOKMARK [0][-]{appendix.A}{\376\377\000A\000p\000p\000e\000n\000d\000i\000x\000\040\000A\000:\000\040\000E\000x\000p\000a\000n\000d\000e\000d\000\040\000M\000a\000r\000k\000e\000t\000i\000n\000g\000\040\000M\000i\000x\000\040\000\050\0007\000P\000s\000\051\000\040\000f\000o\000r\000\040\000F\000e\000r\000r\000a\000r\000i\000\040\000\050\000T\000e\000m\000p\000l\000a\000t\000e\000\051}{}% 115
\BOOKMARK [1][-]{section.A.1}{\376\377\000P\000r\000o\000d\000u\000c\000t}{appendix.A}% 116
\BOOKMARK [1][-]{section.A.2}{\376\377\000P\000r\000i\000c\000e}{appendix.A}% 117
\BOOKMARK [1][-]{section.A.3}{\376\377\000P\000l\000a\000c\000e\000\040\000\050\000D\000i\000s\000t\000r\000i\000b\000u\000t\000i\000o\000n\000\051}{appendix.A}% 118
\BOOKMARK [1][-]{section.A.4}{\376\377\000P\000r\000o\000m\000o\000t\000i\000o\000n}{appendix.A}% 119
\BOOKMARK [1][-]{section.A.5}{\376\377\000P\000e\000o\000p\000l\000e}{appendix.A}% 120
\BOOKMARK [1][-]{section.A.6}{\376\377\000P\000r\000o\000c\000e\000s\000s}{appendix.A}% 121
\BOOKMARK [1][-]{section.A.7}{\376\377\000P\000h\000y\000s\000i\000c\000a\000l\000\040\000E\000v\000i\000d\000e\000n\000c\000e}{appendix.A}% 122
\BOOKMARK [0][-]{appendix.B}{\376\377\000A\000p\000p\000e\000n\000d\000i\000x\000\040\000B\000:\000\040\000C\000u\000s\000t\000o\000m\000e\000r\000\040\000J\000o\000u\000r\000n\000e\000y\000\040\000M\000a\000p\000\040\000a\000n\000d\000\040\000T\000o\000u\000c\000h\000p\000o\000i\000n\000t\000s\000\040\000\050\000T\000e\000m\000p\000l\000a\000t\000e\000\051}{}% 123
\BOOKMARK [1][-]{section.B.1}{\376\377\000S\000t\000a\000g\000e\000s\000\040\000a\000n\000d\000\040\000T\000o\000u\000c\000h\000p\000o\000i\000n\000t\000s}{appendix.B}% 124
\BOOKMARK [0][-]{appendix.C}{\376\377\000A\000p\000p\000e\000n\000d\000i\000x\000\040\000C\000:\000\040\000M\000i\000c\000r\000o\000e\000c\000o\000n\000o\000m\000i\000c\000\040\000M\000o\000d\000e\000l\000\040\000T\000e\000m\000p\000l\000a\000t\000e\000s\000\040\000\050\000F\000o\000r\000\040\000D\000a\000t\000a\000\040\000I\000n\000s\000e\000r\000t\000i\000o\000n\000\051}{}% 125
\BOOKMARK [1][-]{section.C.1}{\376\377\000E\000l\000a\000s\000t\000i\000c\000i\000t\000y\000\040\000E\000s\000t\000i\000m\000a\000t\000i\000o\000n\000\040\000\050\000P\000l\000a\000c\000e\000h\000o\000l\000d\000e\000r\000\051}{appendix.C}% 126
\BOOKMARK [1][-]{section.C.2}{\376\377\000C\000o\000s\000t\000\040\000S\000t\000r\000u\000c\000t\000u\000r\000e\000\040\000D\000i\000s\000c\000u\000s\000s\000i\000o\000n\000\040\000T\000e\000m\000p\000l\000a\000t\000e}{appendix.C}% 127
\BOOKMARK [0][-]{appendix.D}{\376\377\000A\000p\000p\000e\000n\000d\000i\000x\000\040\000D\000:\000\040\000C\000o\000m\000p\000e\000t\000i\000t\000i\000v\000e\000\040\000S\000e\000t\000\040\000a\000n\000d\000\040\000P\000o\000s\000i\000t\000i\000o\000n\000i\000n\000g\000\040\000M\000a\000p\000\040\000\050\000T\000e\000m\000p\000l\000a\000t\000e\000\051}{}% 128
\BOOKMARK [1][-]{section.D.1}{\376\377\000C\000o\000m\000p\000e\000t\000i\000t\000i\000v\000e\000\040\000S\000e\000t\000\040\000D\000e\000f\000i\000n\000i\000t\000i\000o\000n}{appendix.D}% 129
\BOOKMARK [1][-]{section.D.2}{\376\377\000P\000e\000r\000c\000e\000p\000t\000u\000a\000l\000\040\000M\000a\000p\000p\000i\000n\000g}{appendix.D}% 130
\BOOKMARK [0][-]{appendix.E}{\376\377\000A\000p\000p\000e\000n\000d\000i\000x\000\040\000E\000:\000\040\000D\000a\000t\000a\000\040\000C\000o\000l\000l\000e\000c\000t\000i\000o\000n\000\040\000P\000l\000a\000n\000\040\000\050\000F\000o\000r\000\040\000A\000c\000a\000d\000e\000m\000i\000c\000\040\000R\000i\000g\000o\000r\000\051}{}% 131
\BOOKMARK [1][-]{section.E.1}{\376\377\000P\000r\000i\000m\000a\000r\000y\000\040\000D\000a\000t\000a\000\040\000\050\000O\000p\000t\000i\000o\000n\000a\000l\000\051}{appendix.E}% 132
\BOOKMARK [1][-]{section.E.2}{\376\377\000S\000e\000c\000o\000n\000d\000a\000r\000y\000\040\000D\000a\000t\000a}{appendix.E}% 133
\BOOKMARK [1][-]{section.E.3}{\376\377\000E\000t\000h\000i\000c\000s\000\040\000a\000n\000d\000\040\000C\000o\000n\000f\000i\000d\000e\000n\000t\000i\000a\000l\000i\000t\000y}{appendix.E}% 134
\BOOKMARK [0][-]{appendix.F}{\376\377\000A\000p\000p\000e\000n\000d\000i\000x\000\040\000F\000:\000\040\000T\000O\000W\000S\000\040\000M\000a\000t\000r\000i\000x\000\040\000\050\000F\000r\000o\000m\000\040\000S\000W\000O\000T\000\040\000t\000o\000\040\000S\000t\000r\000a\000t\000e\000g\000y\000\051}{}% 135
\BOOKMARK [0][-]{appendix.G}{\376\377\000A\000p\000p\000e\000n\000d\000i\000x\000\040\000G\000:\000\040\000F\000i\000g\000u\000r\000e\000s\000\040\000a\000n\000d\000\040\000T\000a\000b\000l\000e\000s\000\040\000S\000u\000b\000m\000i\000s\000s\000i\000o\000n\000\040\000I\000n\000d\000e\000x\000\040\000\050\000C\000h\000e\000c\000k\000l\000i\000s\000t\000\051}{}% 136
\BOOKMARK [1][-]{section.G.1}{\376\377\000F\000i\000g\000u\000r\000e\000\040\000P\000l\000a\000c\000e\000h\000o\000l\000d\000e\000r\000s}{appendix.G}% 137
\BOOKMARK [1][-]{section.G.2}{\376\377\000T\000a\000b\000l\000e\000\040\000P\000l\000a\000c\000e\000h\000o\000l\000d\000e\000r\000s}{appendix.G}% 138
